CRITICAL - 2023-09-18 11:28:08 --> Undefined array key "created_date"
in APPPATH\Views\products.php on line 26.
 1 APPPATH\Views\products.php(26): CodeIgniter\Debug\Exceptions->errorHandler(2, 'Undefined array key "created_date"', 'C:\\laragon\\www\\simplecrud\\app\\Views\\products.php', 26)
 2 SYSTEMPATH\View\View.php(226): include('C:\\laragon\\www\\simplecrud\\app\\Views\\products.php')
 3 SYSTEMPATH\View\View.php(229): CodeIgniter\View\View->CodeIgniter\View\{closure}()
 4 SYSTEMPATH\Common.php(1188): CodeIgniter\View\View->render('products', [], true)
 5 APPPATH\Controllers\ProductController.php(21): view('products', [...])
 6 SYSTEMPATH\CodeIgniter.php(919): App\Controllers\ProductController->cessangeles()
 7 SYSTEMPATH\CodeIgniter.php(494): CodeIgniter\CodeIgniter->runController(Object(App\Controllers\ProductController))
 8 SYSTEMPATH\CodeIgniter.php(353): CodeIgniter\CodeIgniter->handleRequest(null, Object(Config\Cache), false)
 9 FCPATH\index.php(79): CodeIgniter\CodeIgniter->run()
10 SYSTEMPATH\Commands\Server\rewrite.php(47): require_once('C:\\laragon\\www\\simplecrud\\public\\index.php')
CRITICAL - 2023-09-18 11:29:17 --> Undefined array key "created_date"
in APPPATH\Views\products.php on line 26.
 1 APPPATH\Views\products.php(26): CodeIgniter\Debug\Exceptions->errorHandler(2, 'Undefined array key "created_date"', 'C:\\laragon\\www\\simplecrud\\app\\Views\\products.php', 26)
 2 SYSTEMPATH\View\View.php(226): include('C:\\laragon\\www\\simplecrud\\app\\Views\\products.php')
 3 SYSTEMPATH\View\View.php(229): CodeIgniter\View\View->CodeIgniter\View\{closure}()
 4 SYSTEMPATH\Common.php(1188): CodeIgniter\View\View->render('products', [], true)
 5 APPPATH\Controllers\ProductController.php(21): view('products', [...])
 6 SYSTEMPATH\CodeIgniter.php(919): App\Controllers\ProductController->cessangeles()
 7 SYSTEMPATH\CodeIgniter.php(494): CodeIgniter\CodeIgniter->runController(Object(App\Controllers\ProductController))
 8 SYSTEMPATH\CodeIgniter.php(353): CodeIgniter\CodeIgniter->handleRequest(null, Object(Config\Cache), false)
 9 FCPATH\index.php(79): CodeIgniter\CodeIgniter->run()
10 SYSTEMPATH\Commands\Server\rewrite.php(47): require_once('C:\\laragon\\www\\simplecrud\\public\\index.php')
CRITICAL - 2023-09-18 11:31:17 --> Undefined array key "created_date"
in APPPATH\Views\products.php on line 26.
 1 APPPATH\Views\products.php(26): CodeIgniter\Debug\Exceptions->errorHandler(2, 'Undefined array key "created_date"', 'C:\\laragon\\www\\simplecrud\\app\\Views\\products.php', 26)
 2 SYSTEMPATH\View\View.php(226): include('C:\\laragon\\www\\simplecrud\\app\\Views\\products.php')
 3 SYSTEMPATH\View\View.php(229): CodeIgniter\View\View->CodeIgniter\View\{closure}()
 4 SYSTEMPATH\Common.php(1188): CodeIgniter\View\View->render('products', [], true)
 5 APPPATH\Controllers\ProductController.php(21): view('products', [...])
 6 SYSTEMPATH\CodeIgniter.php(919): App\Controllers\ProductController->cessangeles()
 7 SYSTEMPATH\CodeIgniter.php(494): CodeIgniter\CodeIgniter->runController(Object(App\Controllers\ProductController))
 8 SYSTEMPATH\CodeIgniter.php(353): CodeIgniter\CodeIgniter->handleRequest(null, Object(Config\Cache), false)
 9 FCPATH\index.php(79): CodeIgniter\CodeIgniter->run()
10 SYSTEMPATH\Commands\Server\rewrite.php(47): require_once('C:\\laragon\\www\\simplecrud\\public\\index.php')
CRITICAL - 2023-09-18 11:33:01 --> Undefined array key "created_date"
in APPPATH\Views\products.php on line 25.
 1 APPPATH\Views\products.php(25): CodeIgniter\Debug\Exceptions->errorHandler(2, 'Undefined array key "created_date"', 'C:\\laragon\\www\\simplecrud\\app\\Views\\products.php', 25)
 2 SYSTEMPATH\View\View.php(226): include('C:\\laragon\\www\\simplecrud\\app\\Views\\products.php')
 3 SYSTEMPATH\View\View.php(229): CodeIgniter\View\View->CodeIgniter\View\{closure}()
 4 SYSTEMPATH\Common.php(1188): CodeIgniter\View\View->render('products', [], true)
 5 APPPATH\Controllers\ProductController.php(21): view('products', [...])
 6 SYSTEMPATH\CodeIgniter.php(919): App\Controllers\ProductController->cessangeles()
 7 SYSTEMPATH\CodeIgniter.php(494): CodeIgniter\CodeIgniter->runController(Object(App\Controllers\ProductController))
 8 SYSTEMPATH\CodeIgniter.php(353): CodeIgniter\CodeIgniter->handleRequest(null, Object(Config\Cache), false)
 9 FCPATH\index.php(79): CodeIgniter\CodeIgniter->run()
10 SYSTEMPATH\Commands\Server\rewrite.php(47): require_once('C:\\laragon\\www\\simplecrud\\public\\index.php')
CRITICAL - 2023-09-18 11:35:27 --> Undefined array key "created_date"
in APPPATH\Views\products.php on line 25.
 1 APPPATH\Views\products.php(25): CodeIgniter\Debug\Exceptions->errorHandler(2, 'Undefined array key "created_date"', 'C:\\laragon\\www\\simplecrud\\app\\Views\\products.php', 25)
 2 SYSTEMPATH\View\View.php(226): include('C:\\laragon\\www\\simplecrud\\app\\Views\\products.php')
 3 SYSTEMPATH\View\View.php(229): CodeIgniter\View\View->CodeIgniter\View\{closure}()
 4 SYSTEMPATH\Common.php(1188): CodeIgniter\View\View->render('products', [], true)
 5 APPPATH\Controllers\ProductController.php(21): view('products', [...])
 6 SYSTEMPATH\CodeIgniter.php(919): App\Controllers\ProductController->cessangeles()
 7 SYSTEMPATH\CodeIgniter.php(494): CodeIgniter\CodeIgniter->runController(Object(App\Controllers\ProductController))
 8 SYSTEMPATH\CodeIgniter.php(353): CodeIgniter\CodeIgniter->handleRequest(null, Object(Config\Cache), false)
 9 FCPATH\index.php(79): CodeIgniter\CodeIgniter->run()
10 SYSTEMPATH\Commands\Server\rewrite.php(47): require_once('C:\\laragon\\www\\simplecrud\\public\\index.php')
CRITICAL - 2023-09-18 11:41:44 --> Undefined array key "created_date"
in APPPATH\Views\products.php on line 25.
 1 APPPATH\Views\products.php(25): CodeIgniter\Debug\Exceptions->errorHandler(2, 'Undefined array key "created_date"', 'C:\\laragon\\www\\simplecrud\\app\\Views\\products.php', 25)
 2 SYSTEMPATH\View\View.php(226): include('C:\\laragon\\www\\simplecrud\\app\\Views\\products.php')
 3 SYSTEMPATH\View\View.php(229): CodeIgniter\View\View->CodeIgniter\View\{closure}()
 4 SYSTEMPATH\Common.php(1188): CodeIgniter\View\View->render('products', [], true)
 5 APPPATH\Controllers\ProductController.php(21): view('products', [...])
 6 SYSTEMPATH\CodeIgniter.php(919): App\Controllers\ProductController->cessangeles()
 7 SYSTEMPATH\CodeIgniter.php(494): CodeIgniter\CodeIgniter->runController(Object(App\Controllers\ProductController))
 8 SYSTEMPATH\CodeIgniter.php(353): CodeIgniter\CodeIgniter->handleRequest(null, Object(Config\Cache), false)
 9 FCPATH\index.php(79): CodeIgniter\CodeIgniter->run()
10 SYSTEMPATH\Commands\Server\rewrite.php(47): require_once('C:\\laragon\\www\\simplecrud\\public\\index.php')
CRITICAL - 2023-09-18 12:40:32 --> Undefined array key "created-date"
in APPPATH\Views\products.php on line 48.
 1 APPPATH\Views\products.php(48): CodeIgniter\Debug\Exceptions->errorHandler(2, 'Undefined array key "created-date"', 'C:\\laragon\\www\\simplecrud\\app\\Views\\products.php', 48)
 2 SYSTEMPATH\View\View.php(226): include('C:\\laragon\\www\\simplecrud\\app\\Views\\products.php')
 3 SYSTEMPATH\View\View.php(229): CodeIgniter\View\View->CodeIgniter\View\{closure}()
 4 SYSTEMPATH\Common.php(1188): CodeIgniter\View\View->render('products', [], true)
 5 APPPATH\Controllers\ProductController.php(21): view('products', [...])
 6 SYSTEMPATH\CodeIgniter.php(919): App\Controllers\ProductController->cessangeles()
 7 SYSTEMPATH\CodeIgniter.php(494): CodeIgniter\CodeIgniter->runController(Object(App\Controllers\ProductController))
 8 SYSTEMPATH\CodeIgniter.php(353): CodeIgniter\CodeIgniter->handleRequest(null, Object(Config\Cache), false)
 9 FCPATH\index.php(79): CodeIgniter\CodeIgniter->run()
10 SYSTEMPATH\Commands\Server\rewrite.php(47): require_once('C:\\laragon\\www\\simplecrud\\public\\index.php')
CRITICAL - 2023-09-18 12:42:07 --> Undefined array key "created_date"
in APPPATH\Views\products.php on line 48.
 1 APPPATH\Views\products.php(48): CodeIgniter\Debug\Exceptions->errorHandler(2, 'Undefined array key "created_date"', 'C:\\laragon\\www\\simplecrud\\app\\Views\\products.php', 48)
 2 SYSTEMPATH\View\View.php(226): include('C:\\laragon\\www\\simplecrud\\app\\Views\\products.php')
 3 SYSTEMPATH\View\View.php(229): CodeIgniter\View\View->CodeIgniter\View\{closure}()
 4 SYSTEMPATH\Common.php(1188): CodeIgniter\View\View->render('products', [], true)
 5 APPPATH\Controllers\ProductController.php(21): view('products', [...])
 6 SYSTEMPATH\CodeIgniter.php(919): App\Controllers\ProductController->cessangeles()
 7 SYSTEMPATH\CodeIgniter.php(494): CodeIgniter\CodeIgniter->runController(Object(App\Controllers\ProductController))
 8 SYSTEMPATH\CodeIgniter.php(353): CodeIgniter\CodeIgniter->handleRequest(null, Object(Config\Cache), false)
 9 FCPATH\index.php(79): CodeIgniter\CodeIgniter->run()
10 SYSTEMPATH\Commands\Server\rewrite.php(47): require_once('C:\\laragon\\www\\simplecrud\\public\\index.php')
CRITICAL - 2023-09-18 13:57:28 --> Deletes are not allowed unless they contain a "where" or "like" clause.
in SYSTEMPATH\Database\BaseBuilder.php on line 2766.
 1 SYSTEMPATH\Model.php(445): CodeIgniter\Database\BaseBuilder->delete()
 2 SYSTEMPATH\BaseModel.php(1080): CodeIgniter\Model->doDelete('', false)
 3 APPPATH\Controllers\ProductController.php(16): CodeIgniter\BaseModel->delete('')
 4 SYSTEMPATH\CodeIgniter.php(919): App\Controllers\ProductController->delete('')
 5 SYSTEMPATH\CodeIgniter.php(494): CodeIgniter\CodeIgniter->runController(Object(App\Controllers\ProductController))
 6 SYSTEMPATH\CodeIgniter.php(353): CodeIgniter\CodeIgniter->handleRequest(null, Object(Config\Cache), false)
 7 FCPATH\index.php(79): CodeIgniter\CodeIgniter->run()
 8 SYSTEMPATH\Commands\Server\rewrite.php(47): require_once('C:\\laragon\\www\\simplecrud\\public\\index.php')
CRITICAL - 2023-09-18 13:59:31 --> Call to undefined method App\Models\ProductModel::delte
in SYSTEMPATH\Model.php on line 873.
 1 APPPATH\Controllers\ProductController.php(16): CodeIgniter\Model->__call('delte', [...])
 2 SYSTEMPATH\CodeIgniter.php(919): App\Controllers\ProductController->delete('2')
 3 SYSTEMPATH\CodeIgniter.php(494): CodeIgniter\CodeIgniter->runController(Object(App\Controllers\ProductController))
 4 SYSTEMPATH\CodeIgniter.php(353): CodeIgniter\CodeIgniter->handleRequest(null, Object(Config\Cache), false)
 5 FCPATH\index.php(79): CodeIgniter\CodeIgniter->run()
 6 SYSTEMPATH\Commands\Server\rewrite.php(47): require_once('C:\\laragon\\www\\simplecrud\\public\\index.php')
